<?xml version="1.0" encoding="UTF-8"?>
<testng-results skipped="0" failed="0" total="0" passed="0">
  <reporter-output>
  </reporter-output>
  <suite name="cucum1.TestRunner" duration-ms="16" started-at="2018-02-08T10:00:44Z" finished-at="2018-02-08T10:00:44Z">
    <groups>
    </groups>
    <test name="Command line test" duration-ms="16" started-at="2018-02-08T10:00:44Z" finished-at="2018-02-08T10:00:44Z">
    </test> <!-- Command line test -->
  </suite> <!-- cucum1.TestRunner -->
</testng-results>
