<?xml version="1.0" encoding="UTF-8"?>
<testng-results skipped="0" failed="0" total="1" passed="1">
  <reporter-output>
  </reporter-output>
  <suite name="Default suite" duration-ms="33734" started-at="2017-12-13T18:30:53Z" finished-at="2017-12-13T18:31:27Z">
    <groups>
    </groups>
    <test name="Default test" duration-ms="33734" started-at="2017-12-13T18:30:53Z" finished-at="2017-12-13T18:31:27Z">
      <class name="cucumbertest.HookBase">
        <test-method status="PASS" signature="setUp()[pri:0, instance:cucumbertest.HookBase@685cb137]" name="setUp" duration-ms="33724" started-at="2017-12-13T10:30:53Z" finished-at="2017-12-13T10:31:27Z">
          <reporter-output>
          </reporter-output>
        </test-method> <!-- setUp -->
      </class> <!-- cucumbertest.HookBase -->
    </test> <!-- Default test -->
  </suite> <!-- Default suite -->
</testng-results>
